<?xml version="1.0" encoding="UTF-8"?>
<!-- Generated by org.testng.reporters.JUnitReportReporter -->
<testsuite hostname="192.168.1.160.non-exists.ptr.local" failures="0" tests="2" name="Lab8_kiemthu.calculator.CalculatorTest" time="0.009" errors="0" timestamp="2025-04-09T13:20:11 ICT" skipped="0">
  <testcase classname="Lab8_kiemthu.calculator.CalculatorTest" name="testAdd" time="0.008"/>
  <testcase classname="Lab8_kiemthu.calculator.CalculatorTest" name="testSubtract" time="0.001"/>
</testsuite> <!-- Lab8_kiemthu.calculator.CalculatorTest -->
